  Creating makefile for FPSGameEditor (game project files are newer)
  Building FPSGameEditor...
  Using Visual Studio 2019 14.28.29913 toolchain (C:\Program Files (x86)\Microsoft Visual Studio\2019\Community\VC\Tools\MSVC\14.28.29910) and Windows 10.0.18362.0 SDK (C:\Program Files (x86)\Windows Kits\10).
  [Upgrade]
  [Upgrade] Using backward-compatible build settings. The latest version of UE4 sets the following values by default, which may require code changes:
  [Upgrade]     bLegacyPublicIncludePaths = false                 => Omits subfolders from public include paths to reduce compiler command line length. (Previously: true).
  [Upgrade]     ShadowVariableWarningLevel = WarningLevel.Error   => Treats shadowed variable warnings as errors. (Previously: WarningLevel.Warning).
  [Upgrade]     PCHUsage = PCHUsageMode.UseExplicitOrSharedPCHs   => Set in build.cs files to enables IWYU-style PCH model. See https://docs.unrealengine.com/en-US/Programming/BuildTools/UnrealBuildTool/IWYU/index.html. (Previously: PCHUsageMode.UseSharedPCHs).
  [Upgrade] Suppress this message by setting 'DefaultBuildSettings = BuildSettingsVersion.V2;' in FPSGameEditor.Target.cs, and explicitly overriding settings that differ from the new defaults.
  [Upgrade]
  Building 16 actions with 6 processes...
    [1/16] SharedPCH.Engine.cpp
    [2/16] FPSGame.init.gen.cpp
    [3/16] FPSProjectile.cpp
    [4/16] FPSObjectivActor.gen.cpp
    [5/16] FPSHUD.gen.cpp
    [6/16] FPSGameMode.gen.cpp
    [7/16] FPSCharacter.gen.cpp
    [8/16] FPSGame.cpp
    [9/16] FPSHUD.cpp
    [10/16] FPSObjectivActor.cpp
    [11/16] FPSProjectile.gen.cpp
    [12/16] FPSGameMode.cpp
    [13/16] FPSCharacter.cpp
    [14/16] UE4Editor-FPSGame.lib
       Creating library C:\Users\Hugga\Documents\GitHub\UdemyFPSShooter\Kurs Spel\StealthGame_ProjectBase_4.25\StealthGame\Intermediate\Build\Win64\UE4Editor\Development\FPSGame\UE4Editor-FPSGame.lib and object C:\Users\Hugga\Documents\GitHub\UdemyFPSShooter\Kurs Spel\StealthGame_ProjectBase_4.25\StealthGame\Intermediate\Build\Win64\UE4Editor\Development\FPSGame\UE4Editor-FPSGame.exp
    [15/16] UE4Editor-FPSGame.dll
       Creating library C:\Users\Hugga\Documents\GitHub\UdemyFPSShooter\Kurs Spel\StealthGame_ProjectBase_4.25\StealthGame\Intermediate\Build\Win64\UE4Editor\Development\FPSGame\UE4Editor-FPSGame.suppressed.lib and object C:\Users\Hugga\Documents\GitHub\UdemyFPSShooter\Kurs Spel\StealthGame_ProjectBase_4.25\StealthGame\Intermediate\Build\Win64\UE4Editor\Development\FPSGame\UE4Editor-FPSGame.suppressed.exp
    [16/16] FPSGameEditor.target
  Total time in Parallel executor: 23,02 seconds
  Total execution time: 24,56 seconds
